<?xml version="1.0" encoding="UTF-8"?>
<testng-results ignored="0" total="4" passed="3" failed="1" skipped="0">
  <reporter-output>
  </reporter-output>
  <suite started-at="2022-04-08T12:22:04 IST" name="Suite" finished-at="2022-04-08T12:22:58 IST" duration-ms="53783">
    <groups>
    </groups>
    <test started-at="2022-04-08T12:22:04 IST" name="Validate Navbar" finished-at="2022-04-08T12:22:33 IST" duration-ms="29165">
      <class name="academy.ValidateNavBar">
        <test-method is-config="true" signature="initiateBrowser()[pri:0, instance:academy.ValidateNavBar@1f2d2181]" started-at="2022-04-08T12:22:04 IST" name="initiateBrowser" finished-at="2022-04-08T12:22:33 IST" duration-ms="28945" status="PASS">
          <reporter-output>
          </reporter-output>
        </test-method> <!-- initiateBrowser -->
        <test-method signature="getNavBarDetail()[pri:0, instance:academy.ValidateNavBar@1f2d2181]" started-at="2022-04-08T12:22:33 IST" name="getNavBarDetail" finished-at="2022-04-08T12:22:33 IST" duration-ms="111" status="PASS">
          <reporter-output>
          </reporter-output>
        </test-method> <!-- getNavBarDetail -->
        <test-method is-config="true" signature="tearDownBrowser()[pri:0, instance:academy.ValidateNavBar@1f2d2181]" started-at="2022-04-08T12:22:33 IST" name="tearDownBrowser" finished-at="2022-04-08T12:22:33 IST" duration-ms="85" status="PASS">
          <reporter-output>
          </reporter-output>
        </test-method> <!-- tearDownBrowser -->
      </class> <!-- academy.ValidateNavBar -->
    </test> <!-- Validate Navbar -->
    <test started-at="2022-04-08T12:22:04 IST" name="Validate Title" finished-at="2022-04-08T12:22:34 IST" duration-ms="29688">
      <class name="academy.ValidateTitle">
        <test-method is-config="true" signature="initiateBrowser()[pri:0, instance:academy.ValidateTitle@36b6964d]" started-at="2022-04-08T12:22:04 IST" name="initiateBrowser" finished-at="2022-04-08T12:22:33 IST" duration-ms="28949" status="PASS">
          <reporter-output>
          </reporter-output>
        </test-method> <!-- initiateBrowser -->
        <test-method signature="validateTitle()[pri:0, instance:academy.ValidateTitle@36b6964d]" started-at="2022-04-08T12:22:33 IST" name="validateTitle" finished-at="2022-04-08T12:22:33 IST" duration-ms="115" status="FAIL">
          <exception class="java.lang.AssertionError">
            <message>
              <![CDATA[expected [FEATURED COURSES123] but found [FEATURED COURSES]]]>
            </message>
            <full-stacktrace>
              <![CDATA[java.lang.AssertionError: expected [FEATURED COURSES123] but found [FEATURED COURSES]
at org.testng.Assert.fail(Assert.java:110)
at org.testng.Assert.failNotEquals(Assert.java:1413)
at org.testng.Assert.assertEqualsImpl(Assert.java:149)
at org.testng.Assert.assertEquals(Assert.java:131)
at org.testng.Assert.assertEquals(Assert.java:655)
at org.testng.Assert.assertEquals(Assert.java:665)
at academy.ValidateTitle.validateTitle(ValidateTitle.java:32)
at java.base/jdk.internal.reflect.NativeMethodAccessorImpl.invoke0(Native Method)
at java.base/jdk.internal.reflect.NativeMethodAccessorImpl.invoke(NativeMethodAccessorImpl.java:77)
at java.base/jdk.internal.reflect.DelegatingMethodAccessorImpl.invoke(DelegatingMethodAccessorImpl.java:43)
at java.base/java.lang.reflect.Method.invoke(Method.java:568)
at org.testng.internal.invokers.MethodInvocationHelper.invokeMethod(MethodInvocationHelper.java:135)
at org.testng.internal.invokers.TestInvoker.invokeMethod(TestInvoker.java:673)
at org.testng.internal.invokers.TestInvoker.invokeTestMethod(TestInvoker.java:220)
at org.testng.internal.invokers.MethodRunner.runInSequence(MethodRunner.java:50)
at org.testng.internal.invokers.TestInvoker$MethodInvocationAgent.invoke(TestInvoker.java:945)
at org.testng.internal.invokers.TestInvoker.invokeTestMethods(TestInvoker.java:193)
at org.testng.internal.invokers.TestMethodWorker.invokeTestMethods(TestMethodWorker.java:146)
at org.testng.internal.invokers.TestMethodWorker.run(TestMethodWorker.java:128)
at java.base/java.util.ArrayList.forEach(ArrayList.java:1511)
at org.testng.TestRunner.privateRun(TestRunner.java:808)
at org.testng.TestRunner.run(TestRunner.java:603)
at org.testng.SuiteRunner.runTest(SuiteRunner.java:429)
at org.testng.SuiteRunner.access$000(SuiteRunner.java:32)
at org.testng.SuiteRunner$SuiteWorker.run(SuiteRunner.java:467)
at org.testng.internal.thread.ThreadUtil.lambda$execute$0(ThreadUtil.java:58)
at java.base/java.util.concurrent.FutureTask.run(FutureTask.java:264)
at java.base/java.util.concurrent.ThreadPoolExecutor.runWorker(ThreadPoolExecutor.java:1136)
at java.base/java.util.concurrent.ThreadPoolExecutor$Worker.run(ThreadPoolExecutor.java:635)
at java.base/java.lang.Thread.run(Thread.java:833)
]]>
            </full-stacktrace>
          </exception> <!-- java.lang.AssertionError -->
          <reporter-output>
          </reporter-output>
        </test-method> <!-- validateTitle -->
        <test-method is-config="true" signature="tearDownBrowser()[pri:0, instance:academy.ValidateTitle@36b6964d]" started-at="2022-04-08T12:22:33 IST" name="tearDownBrowser" finished-at="2022-04-08T12:22:34 IST" duration-ms="121" status="PASS">
          <reporter-output>
          </reporter-output>
        </test-method> <!-- tearDownBrowser -->
      </class> <!-- academy.ValidateTitle -->
    </test> <!-- Validate Title -->
    <test started-at="2022-04-08T12:22:04 IST" name="Navigate to homepage" finished-at="2022-04-08T12:22:58 IST" duration-ms="53783">
      <class name="academy.HomePage">
        <test-method is-config="true" signature="initiateBrowser()[pri:0, instance:academy.HomePage@32c0915e]" started-at="2022-04-08T12:22:04 IST" name="initiateBrowser" finished-at="2022-04-08T12:22:07 IST" duration-ms="2753" status="PASS">
          <reporter-output>
          </reporter-output>
        </test-method> <!-- initiateBrowser -->
        <test-method signature="basePageNavigation(java.lang.String,java.lang.String)[pri:0, instance:academy.HomePage@32c0915e]" started-at="2022-04-08T12:22:07 IST" name="basePageNavigation" data-provider="getData" finished-at="2022-04-08T12:22:35 IST" duration-ms="28762" status="PASS">
          <params>
            <param index="0">
              <value>
                <![CDATA[nayan@gmail.com]]>
              </value>
            </param>
            <param index="1">
              <value>
                <![CDATA[pass]]>
              </value>
            </param>
          </params>
          <reporter-output>
          </reporter-output>
        </test-method> <!-- basePageNavigation -->
        <test-method is-config="true" signature="tearDown()[pri:0, instance:academy.HomePage@32c0915e]" started-at="2022-04-08T12:22:35 IST" name="tearDown" finished-at="2022-04-08T12:22:35 IST" duration-ms="44" status="PASS">
          <reporter-output>
          </reporter-output>
        </test-method> <!-- tearDown -->
        <test-method is-config="true" signature="initiateBrowser()[pri:0, instance:academy.HomePage@32c0915e]" started-at="2022-04-08T12:22:35 IST" name="initiateBrowser" finished-at="2022-04-08T12:22:37 IST" duration-ms="1500" status="PASS">
          <reporter-output>
          </reporter-output>
        </test-method> <!-- initiateBrowser -->
        <test-method signature="basePageNavigation(java.lang.String,java.lang.String)[pri:0, instance:academy.HomePage@32c0915e]" started-at="2022-04-08T12:22:37 IST" name="basePageNavigation" data-provider="getData" finished-at="2022-04-08T12:22:58 IST" duration-ms="20645" status="PASS">
          <params>
            <param index="0">
              <value>
                <![CDATA[nayan123@gmail.com]]>
              </value>
            </param>
            <param index="1">
              <value>
                <![CDATA[passs]]>
              </value>
            </param>
          </params>
          <reporter-output>
          </reporter-output>
        </test-method> <!-- basePageNavigation -->
        <test-method is-config="true" signature="tearDown()[pri:0, instance:academy.HomePage@32c0915e]" started-at="2022-04-08T12:22:58 IST" name="tearDown" finished-at="2022-04-08T12:22:58 IST" duration-ms="45" status="PASS">
          <reporter-output>
          </reporter-output>
        </test-method> <!-- tearDown -->
      </class> <!-- academy.HomePage -->
    </test> <!-- Navigate to homepage -->
  </suite> <!-- Suite -->
</testng-results>
